1600045330290	geckodriver	INFO	Listening on 127.0.0.1:57576
1600045330300	mozrunner::runner	INFO	Running command: "/Applications/Firefox.app/Contents/MacOS/firefox-bin" "--marionette" "-foreground" "-no-remote" "-profile" "/var/folders/9r/58vxccfd2sgcv3v50b_j1kjr0000gn/T/rust_mozprofileskxdtl"
1600045330981	addons.webextension.screenshots@mozilla.org	WARN	Loading extension 'screenshots@mozilla.org': Reading manifest: Invalid extension permission: mozillaAddons
1600045330981	addons.webextension.screenshots@mozilla.org	WARN	Loading extension 'screenshots@mozilla.org': Reading manifest: Invalid extension permission: telemetry
1600045330981	addons.webextension.screenshots@mozilla.org	WARN	Loading extension 'screenshots@mozilla.org': Reading manifest: Invalid extension permission: resource://pdf.js/
1600045330981	addons.webextension.screenshots@mozilla.org	WARN	Loading extension 'screenshots@mozilla.org': Reading manifest: Invalid extension permission: about:reader*
1600045333116	Marionette	INFO	Listening on port 57585
1600045333155	Marionette	WARN	TLS certificate errors will be ignored for this session
JavaScript error: https://stackpath.bootstrapcdn.com/bootstrap/4.5.0/js/bootstrap.bundle.min.js, line 6: TypeError: Bootstrap's JavaScript requires jQuery. jQuery must be included before Bootstrap's JavaScript.
JavaScript error: https://cdnjs.cloudflare.com/ajax/libs/jquery-easing/1.4.1/jquery.easing.min.js, line 1: ReferenceError: jQuery is not defined
JavaScript error: https://cdnjs.cloudflare.com/ajax/libs/magnific-popup.js/1.1.0/jquery.magnific-popup.min.js, line 4: TypeError: a is not a function
JavaScript error: http://localhost:8000/static/js/scripts.js, line 63: ReferenceError: jQuery is not defined
1600045362278	geckodriver	INFO	Listening on 127.0.0.1:57644
1600045363297	mozrunner::runner	INFO	Running command: "/Applications/Firefox.app/Contents/MacOS/firefox-bin" "--marionette" "-foreground" "-no-remote" "-profile" "/var/folders/9r/58vxccfd2sgcv3v50b_j1kjr0000gn/T/rust_mozprofileaTCb2f"
1600045363902	addons.webextension.screenshots@mozilla.org	WARN	Loading extension 'screenshots@mozilla.org': Reading manifest: Invalid extension permission: mozillaAddons
1600045363903	addons.webextension.screenshots@mozilla.org	WARN	Loading extension 'screenshots@mozilla.org': Reading manifest: Invalid extension permission: telemetry
1600045363903	addons.webextension.screenshots@mozilla.org	WARN	Loading extension 'screenshots@mozilla.org': Reading manifest: Invalid extension permission: resource://pdf.js/
1600045363903	addons.webextension.screenshots@mozilla.org	WARN	Loading extension 'screenshots@mozilla.org': Reading manifest: Invalid extension permission: about:reader*
1600045365452	Marionette	INFO	Listening on port 57655
1600045365539	Marionette	WARN	TLS certificate errors will be ignored for this session
JavaScript error: https://stackpath.bootstrapcdn.com/bootstrap/4.5.0/js/bootstrap.bundle.min.js, line 6: TypeError: Bootstrap's JavaScript requires jQuery. jQuery must be included before Bootstrap's JavaScript.
JavaScript error: https://cdnjs.cloudflare.com/ajax/libs/jquery-easing/1.4.1/jquery.easing.min.js, line 1: ReferenceError: jQuery is not defined
JavaScript error: https://cdnjs.cloudflare.com/ajax/libs/magnific-popup.js/1.1.0/jquery.magnific-popup.min.js, line 4: TypeError: a is not a function
JavaScript error: http://localhost:8000/static/js/scripts.js, line 63: ReferenceError: jQuery is not defined
1600045654669	geckodriver	INFO	Listening on 127.0.0.1:57713
1600045655683	mozrunner::runner	INFO	Running command: "/Applications/Firefox.app/Contents/MacOS/firefox-bin" "--marionette" "-foreground" "-no-remote" "-profile" "/var/folders/9r/58vxccfd2sgcv3v50b_j1kjr0000gn/T/rust_mozprofile9GiC0a"
1600045656275	addons.webextension.screenshots@mozilla.org	WARN	Loading extension 'screenshots@mozilla.org': Reading manifest: Invalid extension permission: mozillaAddons
1600045656275	addons.webextension.screenshots@mozilla.org	WARN	Loading extension 'screenshots@mozilla.org': Reading manifest: Invalid extension permission: telemetry
1600045656275	addons.webextension.screenshots@mozilla.org	WARN	Loading extension 'screenshots@mozilla.org': Reading manifest: Invalid extension permission: resource://pdf.js/
1600045656275	addons.webextension.screenshots@mozilla.org	WARN	Loading extension 'screenshots@mozilla.org': Reading manifest: Invalid extension permission: about:reader*
1600045657798	Marionette	INFO	Listening on port 57724
1600045657816	Marionette	WARN	TLS certificate errors will be ignored for this session
JavaScript error: https://stackpath.bootstrapcdn.com/bootstrap/4.5.0/js/bootstrap.bundle.min.js, line 6: TypeError: Bootstrap's JavaScript requires jQuery. jQuery must be included before Bootstrap's JavaScript.
JavaScript error: https://cdnjs.cloudflare.com/ajax/libs/jquery-easing/1.4.1/jquery.easing.min.js, line 1: ReferenceError: jQuery is not defined
JavaScript error: https://cdnjs.cloudflare.com/ajax/libs/magnific-popup.js/1.1.0/jquery.magnific-popup.min.js, line 4: TypeError: a is not a function
JavaScript error: http://localhost:8000/static/js/scripts.js, line 63: ReferenceError: jQuery is not defined
1600072413450	geckodriver	INFO	Listening on 127.0.0.1:57912
1600072414460	mozrunner::runner	INFO	Running command: "/Applications/Firefox.app/Contents/MacOS/firefox-bin" "--marionette" "-foreground" "-no-remote" "-profile" "/var/folders/9r/58vxccfd2sgcv3v50b_j1kjr0000gn/T/rust_mozprofilex5SlXp"
1600072415324	addons.webextension.screenshots@mozilla.org	WARN	Loading extension 'screenshots@mozilla.org': Reading manifest: Invalid extension permission: mozillaAddons
1600072415324	addons.webextension.screenshots@mozilla.org	WARN	Loading extension 'screenshots@mozilla.org': Reading manifest: Invalid extension permission: telemetry
1600072415324	addons.webextension.screenshots@mozilla.org	WARN	Loading extension 'screenshots@mozilla.org': Reading manifest: Invalid extension permission: resource://pdf.js/
1600072415325	addons.webextension.screenshots@mozilla.org	WARN	Loading extension 'screenshots@mozilla.org': Reading manifest: Invalid extension permission: about:reader*
1600072417147	Marionette	INFO	Listening on port 57923
1600072417213	Marionette	WARN	TLS certificate errors will be ignored for this session
JavaScript error: resource://gre/modules/XULStore.jsm, line 66: Error: Can't find profile directory.
1600076705262	geckodriver	INFO	Listening on 127.0.0.1:58185
1600076706279	mozrunner::runner	INFO	Running command: "/Applications/Firefox.app/Contents/MacOS/firefox-bin" "--marionette" "-foreground" "-no-remote" "-profile" "/var/folders/9r/58vxccfd2sgcv3v50b_j1kjr0000gn/T/rust_mozprofileUl5yOC"
1600076706900	addons.webextension.screenshots@mozilla.org	WARN	Loading extension 'screenshots@mozilla.org': Reading manifest: Invalid extension permission: mozillaAddons
1600076706900	addons.webextension.screenshots@mozilla.org	WARN	Loading extension 'screenshots@mozilla.org': Reading manifest: Invalid extension permission: telemetry
1600076706900	addons.webextension.screenshots@mozilla.org	WARN	Loading extension 'screenshots@mozilla.org': Reading manifest: Invalid extension permission: resource://pdf.js/
1600076706900	addons.webextension.screenshots@mozilla.org	WARN	Loading extension 'screenshots@mozilla.org': Reading manifest: Invalid extension permission: about:reader*
1600076708429	Marionette	INFO	Listening on port 58196
1600076708438	Marionette	WARN	TLS certificate errors will be ignored for this session
JavaScript error: https://stackpath.bootstrapcdn.com/bootstrap/4.5.0/js/bootstrap.bundle.min.js, line 6: TypeError: Bootstrap's JavaScript requires jQuery. jQuery must be included before Bootstrap's JavaScript.
JavaScript error: https://cdnjs.cloudflare.com/ajax/libs/jquery-easing/1.4.1/jquery.easing.min.js, line 1: ReferenceError: jQuery is not defined
JavaScript error: https://cdnjs.cloudflare.com/ajax/libs/magnific-popup.js/1.1.0/jquery.magnific-popup.min.js, line 4: TypeError: a is not a function
JavaScript error: http://localhost:8000/static/js/scripts.js, line 63: ReferenceError: jQuery is not defined
1600076749884	geckodriver	INFO	Listening on 127.0.0.1:58251
1600076750899	mozrunner::runner	INFO	Running command: "/Applications/Firefox.app/Contents/MacOS/firefox-bin" "--marionette" "-foreground" "-no-remote" "-profile" "/var/folders/9r/58vxccfd2sgcv3v50b_j1kjr0000gn/T/rust_mozprofilenKoVa7"
1600076751490	addons.webextension.screenshots@mozilla.org	WARN	Loading extension 'screenshots@mozilla.org': Reading manifest: Invalid extension permission: mozillaAddons
1600076751490	addons.webextension.screenshots@mozilla.org	WARN	Loading extension 'screenshots@mozilla.org': Reading manifest: Invalid extension permission: telemetry
1600076751491	addons.webextension.screenshots@mozilla.org	WARN	Loading extension 'screenshots@mozilla.org': Reading manifest: Invalid extension permission: resource://pdf.js/
1600076751491	addons.webextension.screenshots@mozilla.org	WARN	Loading extension 'screenshots@mozilla.org': Reading manifest: Invalid extension permission: about:reader*
1600076753042	Marionette	INFO	Listening on port 58262
1600076753050	Marionette	WARN	TLS certificate errors will be ignored for this session
JavaScript error: https://stackpath.bootstrapcdn.com/bootstrap/4.5.0/js/bootstrap.bundle.min.js, line 6: TypeError: Bootstrap's JavaScript requires jQuery. jQuery must be included before Bootstrap's JavaScript.
JavaScript error: https://cdnjs.cloudflare.com/ajax/libs/jquery-easing/1.4.1/jquery.easing.min.js, line 1: ReferenceError: jQuery is not defined
JavaScript error: https://cdnjs.cloudflare.com/ajax/libs/magnific-popup.js/1.1.0/jquery.magnific-popup.min.js, line 4: TypeError: a is not a function
JavaScript error: http://localhost:8000/static/js/scripts.js, line 63: ReferenceError: jQuery is not defined
1600077280002	geckodriver	INFO	Listening on 127.0.0.1:58334
1600077281019	mozrunner::runner	INFO	Running command: "/Applications/Firefox.app/Contents/MacOS/firefox-bin" "--marionette" "-foreground" "-no-remote" "-profile" "/var/folders/9r/58vxccfd2sgcv3v50b_j1kjr0000gn/T/rust_mozprofilevRRXjU"
1600077281626	addons.webextension.screenshots@mozilla.org	WARN	Loading extension 'screenshots@mozilla.org': Reading manifest: Invalid extension permission: mozillaAddons
1600077281626	addons.webextension.screenshots@mozilla.org	WARN	Loading extension 'screenshots@mozilla.org': Reading manifest: Invalid extension permission: telemetry
1600077281627	addons.webextension.screenshots@mozilla.org	WARN	Loading extension 'screenshots@mozilla.org': Reading manifest: Invalid extension permission: resource://pdf.js/
1600077281627	addons.webextension.screenshots@mozilla.org	WARN	Loading extension 'screenshots@mozilla.org': Reading manifest: Invalid extension permission: about:reader*
1600077283197	Marionette	INFO	Listening on port 58345
1600077283288	Marionette	WARN	TLS certificate errors will be ignored for this session
JavaScript error: https://stackpath.bootstrapcdn.com/bootstrap/4.5.0/js/bootstrap.bundle.min.js, line 6: TypeError: Bootstrap's JavaScript requires jQuery. jQuery must be included before Bootstrap's JavaScript.
JavaScript error: https://cdnjs.cloudflare.com/ajax/libs/jquery-easing/1.4.1/jquery.easing.min.js, line 1: ReferenceError: jQuery is not defined
JavaScript error: https://cdnjs.cloudflare.com/ajax/libs/magnific-popup.js/1.1.0/jquery.magnific-popup.min.js, line 4: TypeError: a is not a function
JavaScript error: http://localhost:8000/static/js/scripts.js, line 63: ReferenceError: jQuery is not defined
1600077382768	geckodriver	INFO	Listening on 127.0.0.1:58403
1600077383802	mozrunner::runner	INFO	Running command: "/Applications/Firefox.app/Contents/MacOS/firefox-bin" "--marionette" "-foreground" "-no-remote" "-profile" "/var/folders/9r/58vxccfd2sgcv3v50b_j1kjr0000gn/T/rust_mozprofileLKjw23"
1600077384542	addons.webextension.screenshots@mozilla.org	WARN	Loading extension 'screenshots@mozilla.org': Reading manifest: Invalid extension permission: mozillaAddons
1600077384543	addons.webextension.screenshots@mozilla.org	WARN	Loading extension 'screenshots@mozilla.org': Reading manifest: Invalid extension permission: telemetry
1600077384543	addons.webextension.screenshots@mozilla.org	WARN	Loading extension 'screenshots@mozilla.org': Reading manifest: Invalid extension permission: resource://pdf.js/
1600077384543	addons.webextension.screenshots@mozilla.org	WARN	Loading extension 'screenshots@mozilla.org': Reading manifest: Invalid extension permission: about:reader*
1600077386165	Marionette	INFO	Listening on port 58414
1600077386253	Marionette	WARN	TLS certificate errors will be ignored for this session
JavaScript error: https://stackpath.bootstrapcdn.com/bootstrap/4.5.0/js/bootstrap.bundle.min.js, line 6: TypeError: Bootstrap's JavaScript requires jQuery. jQuery must be included before Bootstrap's JavaScript.
JavaScript error: https://cdnjs.cloudflare.com/ajax/libs/jquery-easing/1.4.1/jquery.easing.min.js, line 1: ReferenceError: jQuery is not defined
JavaScript error: https://cdnjs.cloudflare.com/ajax/libs/magnific-popup.js/1.1.0/jquery.magnific-popup.min.js, line 4: TypeError: a is not a function
JavaScript error: http://localhost:8000/static/js/scripts.js, line 63: ReferenceError: jQuery is not defined
1600078080214	geckodriver	INFO	Listening on 127.0.0.1:58489
1600078081220	mozrunner::runner	INFO	Running command: "/Applications/Firefox.app/Contents/MacOS/firefox-bin" "--marionette" "-foreground" "-no-remote" "-profile" "/var/folders/9r/58vxccfd2sgcv3v50b_j1kjr0000gn/T/rust_mozprofilevH8uHk"
1600078081829	addons.webextension.screenshots@mozilla.org	WARN	Loading extension 'screenshots@mozilla.org': Reading manifest: Invalid extension permission: mozillaAddons
1600078081829	addons.webextension.screenshots@mozilla.org	WARN	Loading extension 'screenshots@mozilla.org': Reading manifest: Invalid extension permission: telemetry
1600078081830	addons.webextension.screenshots@mozilla.org	WARN	Loading extension 'screenshots@mozilla.org': Reading manifest: Invalid extension permission: resource://pdf.js/
1600078081830	addons.webextension.screenshots@mozilla.org	WARN	Loading extension 'screenshots@mozilla.org': Reading manifest: Invalid extension permission: about:reader*
1600078083445	Marionette	INFO	Listening on port 58500
1600078083504	Marionette	WARN	TLS certificate errors will be ignored for this session
JavaScript error: https://stackpath.bootstrapcdn.com/bootstrap/4.5.0/js/bootstrap.bundle.min.js, line 6: TypeError: Bootstrap's JavaScript requires jQuery. jQuery must be included before Bootstrap's JavaScript.
JavaScript error: https://cdnjs.cloudflare.com/ajax/libs/jquery-easing/1.4.1/jquery.easing.min.js, line 1: ReferenceError: jQuery is not defined
JavaScript error: https://cdnjs.cloudflare.com/ajax/libs/magnific-popup.js/1.1.0/jquery.magnific-popup.min.js, line 4: TypeError: a is not a function
JavaScript error: http://localhost:8000/static/js/scripts.js, line 63: ReferenceError: jQuery is not defined
1600078742038	geckodriver	INFO	Listening on 127.0.0.1:58572
1600078743056	mozrunner::runner	INFO	Running command: "/Applications/Firefox.app/Contents/MacOS/firefox-bin" "--marionette" "-foreground" "-no-remote" "-profile" "/var/folders/9r/58vxccfd2sgcv3v50b_j1kjr0000gn/T/rust_mozprofile5Pyg8Y"
1600078743628	addons.webextension.screenshots@mozilla.org	WARN	Loading extension 'screenshots@mozilla.org': Reading manifest: Invalid extension permission: mozillaAddons
1600078743628	addons.webextension.screenshots@mozilla.org	WARN	Loading extension 'screenshots@mozilla.org': Reading manifest: Invalid extension permission: telemetry
1600078743629	addons.webextension.screenshots@mozilla.org	WARN	Loading extension 'screenshots@mozilla.org': Reading manifest: Invalid extension permission: resource://pdf.js/
1600078743629	addons.webextension.screenshots@mozilla.org	WARN	Loading extension 'screenshots@mozilla.org': Reading manifest: Invalid extension permission: about:reader*
1600078745391	Marionette	INFO	Listening on port 58583
1600078745416	Marionette	WARN	TLS certificate errors will be ignored for this session
JavaScript error: https://stackpath.bootstrapcdn.com/bootstrap/4.5.0/js/bootstrap.bundle.min.js, line 6: TypeError: Bootstrap's JavaScript requires jQuery. jQuery must be included before Bootstrap's JavaScript.
JavaScript error: https://cdnjs.cloudflare.com/ajax/libs/jquery-easing/1.4.1/jquery.easing.min.js, line 1: ReferenceError: jQuery is not defined
JavaScript error: https://cdnjs.cloudflare.com/ajax/libs/magnific-popup.js/1.1.0/jquery.magnific-popup.min.js, line 4: TypeError: a is not a function
JavaScript error: http://localhost:8000/static/js/scripts.js, line 63: ReferenceError: jQuery is not defined
1600078746100	Marionette	INFO	Stopped listening on port 58583
1600079179302	geckodriver	INFO	Listening on 127.0.0.1:58641
1600079180318	mozrunner::runner	INFO	Running command: "/Applications/Firefox.app/Contents/MacOS/firefox-bin" "--marionette" "-foreground" "-no-remote" "-profile" "/var/folders/9r/58vxccfd2sgcv3v50b_j1kjr0000gn/T/rust_mozprofileApTJQE"
1600079180783	addons.webextension.screenshots@mozilla.org	WARN	Loading extension 'screenshots@mozilla.org': Reading manifest: Invalid extension permission: mozillaAddons
1600079180783	addons.webextension.screenshots@mozilla.org	WARN	Loading extension 'screenshots@mozilla.org': Reading manifest: Invalid extension permission: telemetry
1600079180783	addons.webextension.screenshots@mozilla.org	WARN	Loading extension 'screenshots@mozilla.org': Reading manifest: Invalid extension permission: resource://pdf.js/
1600079180783	addons.webextension.screenshots@mozilla.org	WARN	Loading extension 'screenshots@mozilla.org': Reading manifest: Invalid extension permission: about:reader*
1600079182316	Marionette	INFO	Listening on port 58652
1600079182365	Marionette	WARN	TLS certificate errors will be ignored for this session
JavaScript error: https://stackpath.bootstrapcdn.com/bootstrap/4.5.0/js/bootstrap.bundle.min.js, line 6: TypeError: Bootstrap's JavaScript requires jQuery. jQuery must be included before Bootstrap's JavaScript.
JavaScript error: https://cdnjs.cloudflare.com/ajax/libs/jquery-easing/1.4.1/jquery.easing.min.js, line 1: ReferenceError: jQuery is not defined
JavaScript error: https://cdnjs.cloudflare.com/ajax/libs/magnific-popup.js/1.1.0/jquery.magnific-popup.min.js, line 4: TypeError: a is not a function
JavaScript error: http://localhost:8000/static/js/scripts.js, line 63: ReferenceError: jQuery is not defined
1600079182936	Marionette	INFO	Stopped listening on port 58652
1600079340132	geckodriver	INFO	Listening on 127.0.0.1:58703
1600079340140	mozrunner::runner	INFO	Running command: "/Applications/Firefox.app/Contents/MacOS/firefox-bin" "--marionette" "-foreground" "-no-remote" "-profile" "/var/folders/9r/58vxccfd2sgcv3v50b_j1kjr0000gn/T/rust_mozprofileuH11id"
1600079340592	addons.webextension.screenshots@mozilla.org	WARN	Loading extension 'screenshots@mozilla.org': Reading manifest: Invalid extension permission: mozillaAddons
1600079340592	addons.webextension.screenshots@mozilla.org	WARN	Loading extension 'screenshots@mozilla.org': Reading manifest: Invalid extension permission: telemetry
1600079340593	addons.webextension.screenshots@mozilla.org	WARN	Loading extension 'screenshots@mozilla.org': Reading manifest: Invalid extension permission: resource://pdf.js/
1600079340593	addons.webextension.screenshots@mozilla.org	WARN	Loading extension 'screenshots@mozilla.org': Reading manifest: Invalid extension permission: about:reader*
1600079342102	Marionette	INFO	Listening on port 58712
1600079342182	Marionette	WARN	TLS certificate errors will be ignored for this session
JavaScript error: https://stackpath.bootstrapcdn.com/bootstrap/4.5.0/js/bootstrap.bundle.min.js, line 6: TypeError: Bootstrap's JavaScript requires jQuery. jQuery must be included before Bootstrap's JavaScript.
JavaScript error: https://cdnjs.cloudflare.com/ajax/libs/jquery-easing/1.4.1/jquery.easing.min.js, line 1: ReferenceError: jQuery is not defined
JavaScript error: https://cdnjs.cloudflare.com/ajax/libs/magnific-popup.js/1.1.0/jquery.magnific-popup.min.js, line 4: TypeError: a is not a function
JavaScript error: http://localhost:8000/static/js/scripts.js, line 63: ReferenceError: jQuery is not defined
1600079342753	Marionette	INFO	Stopped listening on port 58712
1600080695403	Marionette	INFO	Stopped listening on port 57585
1600080717830	Marionette	INFO	Stopped listening on port 57655
1600080721497	Marionette	INFO	Stopped listening on port 57724
1600080727386	Marionette	INFO	Stopped listening on port 57923
1600080730747	Marionette	INFO	Stopped listening on port 58196
1600080738974	Marionette	INFO	Stopped listening on port 58262
1600080742712	Marionette	INFO	Stopped listening on port 58345
1600080766506	Marionette	INFO	Stopped listening on port 58500
1600080769925	Marionette	INFO	Stopped listening on port 58414
